[0m10:54:56.283908 [debug] [MainThread]: Sending event: {'category': 'dbt', 'action': 'invocation', 'label': 'start', 'context': [<snowplow_tracker.self_describing_json.SelfDescribingJson object at 0x000001E5CDB67CB0>, <snowplow_tracker.self_describing_json.SelfDescribingJson object at 0x000001E5CF49A4B0>, <snowplow_tracker.self_describing_json.SelfDescribingJson object at 0x000001E5CD62B4D0>]}


============================== 10:54:56.343976 | 859c0c85-e02c-46f0-a00b-fa4d90d29df6 ==============================
[0m10:54:56.343976 [info ] [MainThread]: Running with dbt=1.8.5
[0m10:54:56.344981 [debug] [MainThread]: running dbt with arguments {'printer_width': '80', 'indirect_selection': 'eager', 'log_cache_events': 'False', 'write_json': 'True', 'partial_parse': 'True', 'cache_selected_only': 'False', 'warn_error': 'None', 'debug': 'False', 'profiles_dir': 'C:\\Users\\mvjr\\.dbt', 'log_path': 'logs', 'fail_fast': 'False', 'version_check': 'True', 'use_colors': 'True', 'use_experimental_parser': 'False', 'no_print': 'None', 'quiet': 'False', 'empty': 'None', 'warn_error_options': 'WarnErrorOptions(include=[], exclude=[])', 'invocation_command': 'dbt init', 'introspect': 'True', 'log_format': 'default', 'target_path': 'None', 'static_parser': 'True', 'send_anonymous_usage_stats': 'True'}
[0m10:55:08.275071 [debug] [MainThread]: Starter project path: C:\Users\mvjr\Documents\Projetos\project_dataengineer\.venv\Lib\site-packages\dbt\include\starter_project
[0m10:55:08.314083 [info ] [MainThread]: 
Your new dbt project "novadrive" was created!

For more information on how to configure the profiles.yml file,
please consult the dbt documentation here:

  https://docs.getdbt.com/docs/configure-your-profile

One more thing:

Need help? Don't hesitate to reach out to us via GitHub issues or on Slack:

  https://community.getdbt.com/

Happy modeling!

[0m10:55:08.316272 [info ] [MainThread]: Setting up your profile.
[0m10:57:09.926813 [info ] [MainThread]: Profile novadrive written to C:\Users\mvjr\.dbt\profiles.yml using target's profile_template.yml and your supplied values. Run 'dbt debug' to validate the connection.
[0m10:57:09.930820 [debug] [MainThread]: Command `dbt init` succeeded at 10:57:09.929828 after 133.81 seconds
[0m10:57:09.934821 [debug] [MainThread]: Sending event: {'category': 'dbt', 'action': 'invocation', 'label': 'end', 'context': [<snowplow_tracker.self_describing_json.SelfDescribingJson object at 0x000001E5D1752ED0>, <snowplow_tracker.self_describing_json.SelfDescribingJson object at 0x000001E5D2795A30>, <snowplow_tracker.self_describing_json.SelfDescribingJson object at 0x000001E5D00F18B0>]}
[0m10:57:09.937818 [debug] [MainThread]: Flushing usage events
[0m10:57:23.442857 [debug] [MainThread]: Sending event: {'category': 'dbt', 'action': 'invocation', 'label': 'start', 'context': [<snowplow_tracker.self_describing_json.SelfDescribingJson object at 0x0000012438D83620>, <snowplow_tracker.self_describing_json.SelfDescribingJson object at 0x000001243B622ED0>, <snowplow_tracker.self_describing_json.SelfDescribingJson object at 0x000001243B3AA330>]}


============================== 10:57:23.449498 | a57c4cff-f217-4b0f-8c10-4ca8f0671163 ==============================
[0m10:57:23.449498 [info ] [MainThread]: Running with dbt=1.8.5
[0m10:57:23.451078 [debug] [MainThread]: running dbt with arguments {'printer_width': '80', 'indirect_selection': 'eager', 'write_json': 'True', 'log_cache_events': 'False', 'partial_parse': 'True', 'cache_selected_only': 'False', 'warn_error': 'None', 'fail_fast': 'False', 'version_check': 'True', 'log_path': 'logs', 'debug': 'False', 'profiles_dir': 'C:\\Users\\mvjr\\.dbt', 'use_colors': 'True', 'use_experimental_parser': 'False', 'empty': 'None', 'quiet': 'False', 'no_print': 'None', 'warn_error_options': 'WarnErrorOptions(include=[], exclude=[])', 'static_parser': 'True', 'log_format': 'default', 'invocation_command': 'dbt debug', 'target_path': 'None', 'introspect': 'True', 'send_anonymous_usage_stats': 'True'}
[0m10:57:23.514465 [info ] [MainThread]: dbt version: 1.8.5
[0m10:57:23.515969 [info ] [MainThread]: python version: 3.12.3
[0m10:57:23.516983 [info ] [MainThread]: python path: C:\Users\mvjr\Documents\Projetos\project_dataengineer\.venv\Scripts\python.exe
[0m10:57:23.517980 [info ] [MainThread]: os info: Windows-11-10.0.22631-SP0
[0m10:57:23.529493 [info ] [MainThread]: Error importing adapter: No module named 'dbt.adapters.sqlserver'
[0m10:57:23.533023 [info ] [MainThread]: Error importing adapter: No module named 'dbt.adapters.postgres'
[0m10:57:24.133721 [info ] [MainThread]: Using profiles dir at C:\Users\mvjr\.dbt
[0m10:57:24.135720 [info ] [MainThread]: Using profiles.yml file at C:\Users\mvjr\.dbt\profiles.yml
[0m10:57:24.136722 [info ] [MainThread]: Using dbt_project.yml file at C:\Users\mvjr\Documents\Projetos\project_dataengineer\dbt_project.yml
[0m10:57:24.137726 [info ] [MainThread]: Configuration:
[0m10:57:24.139723 [info ] [MainThread]:   profiles.yml file [[31mERROR invalid[0m]
[0m10:57:24.140795 [info ] [MainThread]:   dbt_project.yml file [[31mERROR not found[0m]
[0m10:57:24.141728 [info ] [MainThread]: Required dependencies:
[0m10:57:24.142725 [debug] [MainThread]: Executing "git --help"
[0m10:57:24.190283 [debug] [MainThread]: STDOUT: "b"usage: git [-v | --version] [-h | --help] [-C <path>] [-c <name>=<value>]\n           [--exec-path[=<path>]] [--html-path] [--man-path] [--info-path]\n           [-p | --paginate | -P | --no-pager] [--no-replace-objects] [--bare]\n           [--git-dir=<path>] [--work-tree=<path>] [--namespace=<name>]\n           [--config-env=<name>=<envvar>] <command> [<args>]\n\nThese are common Git commands used in various situations:\n\nstart a working area (see also: git help tutorial)\n   clone     Clone a repository into a new directory\n   init      Create an empty Git repository or reinitialize an existing one\n\nwork on the current change (see also: git help everyday)\n   add       Add file contents to the index\n   mv        Move or rename a file, a directory, or a symlink\n   restore   Restore working tree files\n   rm        Remove files from the working tree and from the index\n\nexamine the history and state (see also: git help revisions)\n   bisect    Use binary search to find the commit that introduced a bug\n   diff      Show changes between commits, commit and working tree, etc\n   grep      Print lines matching a pattern\n   log       Show commit logs\n   show      Show various types of objects\n   status    Show the working tree status\n\ngrow, mark and tweak your common history\n   branch    List, create, or delete branches\n   commit    Record changes to the repository\n   merge     Join two or more development histories together\n   rebase    Reapply commits on top of another base tip\n   reset     Reset current HEAD to the specified state\n   switch    Switch branches\n   tag       Create, list, delete or verify a tag object signed with GPG\n\ncollaborate (see also: git help workflows)\n   fetch     Download objects and refs from another repository\n   pull      Fetch from and integrate with another repository or a local branch\n   push      Update remote refs along with associated objects\n\n'git help -a' and 'git help -g' list available subcommands and some\nconcept guides. See 'git help <command>' or 'git help <concept>'\nto read about a specific subcommand or concept.\nSee 'git help git' for an overview of the system.\n""
[0m10:57:24.191286 [debug] [MainThread]: STDERR: "b''"
[0m10:57:24.192286 [info ] [MainThread]:  - git [[32mOK found[0m]

[0m10:57:24.193285 [info ] [MainThread]: Connection test skipped since no profile was found
[0m10:57:24.194469 [info ] [MainThread]: [31m2 checks failed:[0m
[0m10:57:24.195471 [info ] [MainThread]: Could not load dbt_project.yml
Profile loading failed for the following reason:
Runtime Error
  Credentials in profile "LOGTESTE", target "dev" invalid: Runtime Error
    Could not find adapter type sqlserver!

Runtime Error
  Credentials in profile "dwpostgres", target "dev" invalid: Runtime Error
    Could not find adapter type postgres!


[0m10:57:24.196470 [info ] [MainThread]: Project loading failed for the following reason:
 project path <C:\Users\mvjr\Documents\Projetos\project_dataengineer\dbt_project.yml> not found

[0m10:57:24.199538 [debug] [MainThread]: Command `dbt debug` failed at 10:57:24.198476 after 0.97 seconds
[0m10:57:24.199538 [debug] [MainThread]: Sending event: {'category': 'dbt', 'action': 'invocation', 'label': 'end', 'context': [<snowplow_tracker.self_describing_json.SelfDescribingJson object at 0x000001243AB649B0>, <snowplow_tracker.self_describing_json.SelfDescribingJson object at 0x000001243B6202C0>, <snowplow_tracker.self_describing_json.SelfDescribingJson object at 0x000001243B622ED0>]}
[0m10:57:24.200474 [debug] [MainThread]: Flushing usage events
[0m10:06:43.560193 [debug] [MainThread]: Sending event: {'category': 'dbt', 'action': 'invocation', 'label': 'start', 'context': [<snowplow_tracker.self_describing_json.SelfDescribingJson object at 0x0000027727E7D010>, <snowplow_tracker.self_describing_json.SelfDescribingJson object at 0x0000027725BD2720>, <snowplow_tracker.self_describing_json.SelfDescribingJson object at 0x00000277285762A0>]}


============================== 10:06:43.568451 | 2078556a-af21-40b5-8f78-26a01fda6e50 ==============================
[0m10:06:43.568451 [info ] [MainThread]: Running with dbt=1.8.5
[0m10:06:43.570624 [debug] [MainThread]: running dbt with arguments {'printer_width': '80', 'indirect_selection': 'eager', 'write_json': 'True', 'log_cache_events': 'False', 'partial_parse': 'True', 'cache_selected_only': 'False', 'warn_error': 'None', 'version_check': 'True', 'fail_fast': 'False', 'log_path': 'logs', 'debug': 'False', 'profiles_dir': 'C:\\Users\\mvjr\\.dbt', 'use_colors': 'True', 'use_experimental_parser': 'False', 'empty': 'None', 'quiet': 'False', 'no_print': 'None', 'log_format': 'default', 'invocation_command': 'dbt test', 'warn_error_options': 'WarnErrorOptions(include=[], exclude=[])', 'static_parser': 'True', 'target_path': 'None', 'introspect': 'True', 'send_anonymous_usage_stats': 'True'}
[0m10:06:43.570624 [error] [MainThread]: Encountered an error:
Runtime Error
  No dbt_project.yml found at expected path C:\Users\mvjr\Documents\Projetos\project_dataengineer\dbt_project.yml
  Verify that each entry within packages.yml (and their transitive dependencies) contains a file named dbt_project.yml
  
[0m10:06:43.570624 [debug] [MainThread]: Command `dbt test` failed at 10:06:43.570624 after 0.22 seconds
[0m10:06:43.570624 [debug] [MainThread]: Sending event: {'category': 'dbt', 'action': 'invocation', 'label': 'end', 'context': [<snowplow_tracker.self_describing_json.SelfDescribingJson object at 0x00000277285762A0>, <snowplow_tracker.self_describing_json.SelfDescribingJson object at 0x0000027727E7D010>, <snowplow_tracker.self_describing_json.SelfDescribingJson object at 0x000002772892E2A0>]}
[0m10:06:43.570624 [debug] [MainThread]: Flushing usage events
[0m09:16:25.629419 [debug] [MainThread]: Sending event: {'category': 'dbt', 'action': 'invocation', 'label': 'start', 'context': [<snowplow_tracker.self_describing_json.SelfDescribingJson object at 0x0000022E216097C0>, <snowplow_tracker.self_describing_json.SelfDescribingJson object at 0x0000022E1E4F4D70>, <snowplow_tracker.self_describing_json.SelfDescribingJson object at 0x0000022E21609790>]}


============================== 09:16:25.636421 | 3eb7b963-6d87-478c-bc4c-74e82e403b66 ==============================
[0m09:16:25.636421 [info ] [MainThread]: Running with dbt=1.8.5
[0m09:16:25.637420 [debug] [MainThread]: running dbt with arguments {'printer_width': '80', 'indirect_selection': 'eager', 'write_json': 'True', 'log_cache_events': 'False', 'partial_parse': 'True', 'cache_selected_only': 'False', 'profiles_dir': 'C:\\Users\\mvjr\\.dbt', 'debug': 'False', 'version_check': 'True', 'log_path': 'logs', 'fail_fast': 'False', 'warn_error': 'None', 'use_colors': 'True', 'use_experimental_parser': 'False', 'no_print': 'None', 'quiet': 'False', 'empty': 'None', 'log_format': 'default', 'invocation_command': 'dbt docs serve --port 8001', 'introspect': 'True', 'warn_error_options': 'WarnErrorOptions(include=[], exclude=[])', 'target_path': 'None', 'static_parser': 'True', 'send_anonymous_usage_stats': 'True'}
[0m09:16:25.638423 [error] [MainThread]: Encountered an error:
Runtime Error
  No dbt_project.yml found at expected path C:\Users\mvjr\Documents\Projetos\project_dataengineer\dbt_project.yml
  Verify that each entry within packages.yml (and their transitive dependencies) contains a file named dbt_project.yml
  
[0m09:16:25.641418 [debug] [MainThread]: Command `dbt docs serve` failed at 09:16:25.641418 after 0.27 seconds
[0m09:16:25.642416 [debug] [MainThread]: Sending event: {'category': 'dbt', 'action': 'invocation', 'label': 'end', 'context': [<snowplow_tracker.self_describing_json.SelfDescribingJson object at 0x0000022E21484500>, <snowplow_tracker.self_describing_json.SelfDescribingJson object at 0x0000022E1E4F4D70>, <snowplow_tracker.self_describing_json.SelfDescribingJson object at 0x0000022E211EE750>]}
[0m09:16:25.643422 [debug] [MainThread]: Flushing usage events
